<?xml version="1.0" encoding="UTF-8"?>
<!-- Generated by org.testng.reporters.JUnitXMLReporter -->
<testsuite hostname="ShreyaPradhan" ignored="0" name="Surefire test" tests="28" failures="6" timestamp="2022-02-20T23:47:42 NPT" time="930.672" errors="0">
  <testcase name="testMovieMetadataOnWebHasCorrectGenres" time="37.399" classname="com.qt.qualithon.test.MovieSearchTest"/>
  <testcase name="testMovieMetadataOnWebHasCorrectDirectorName" time="37.924" classname="com.qt.qualithon.test.MovieSearchTest"/>
  <testcase name="testMovieMetadataOnWebHasCorrectDirectorName" time="31.007" classname="com.qt.qualithon.test.MovieSearchTest"/>
  <testcase name="testMovieMetadataOnWebHasCorrectGenres" time="32.685" classname="com.qt.qualithon.test.MovieSearchTest"/>
  <testcase name="testMovieMetadataOnWebHasCorrectMovieRatingScore" time="36.349" classname="com.qt.qualithon.test.MovieSearchTest"/>
  <testcase name="testMovieMetadataOnWebHasCorrectMaturityRating" time="38.527" classname="com.qt.qualithon.test.MovieSearchTest"/>
  <testcase name="testMovieMetadataOnWebHasCorrectMovieRatingScore" time="33.054" classname="com.qt.qualithon.test.MovieSearchTest"/>
  <testcase name="testMovieMetadataOnWebHasCorrectMaturityRating" time="32.348" classname="com.qt.qualithon.test.MovieSearchTest">
    <failure type="org.junit.ComparisonFailure" message="expected:&amp;lt;&amp;quot;[PG-13]&amp;quot;&amp;gt; but was:&amp;lt;&amp;quot;[12A]&amp;quot;&amp;gt;">
      <![CDATA[org.junit.ComparisonFailure: expected:<"[PG-13]"> but was:<"[12A]">
at com.qt.qualithon.test.MovieSearchTest.testMovieMetadataOnWebHasCorrectMaturityRating(MovieSearchTest.java:165)
at java.util.concurrent.ThreadPoolExecutor.runWorker(ThreadPoolExecutor.java:1149)
at java.util.concurrent.ThreadPoolExecutor$Worker.run(ThreadPoolExecutor.java:624)
at java.lang.Thread.run(Thread.java:748)
... Removed 15 stack frames]]>
    </failure>
  </testcase> <!-- testMovieMetadataOnWebHasCorrectMaturityRating -->
  <testcase name="testMovieMetadataOnWebHasCorrectWriters" time="31.443" classname="com.qt.qualithon.test.MovieSearchTest"/>
  <testcase name="testMovieMetadataOnWebHasCorrectReleaseYear" time="34.176" classname="com.qt.qualithon.test.MovieSearchTest"/>
  <testcase name="testMovieMetadataOnWebHasCorrectWriters" time="32.364" classname="com.qt.qualithon.test.MovieSearchTest"/>
  <testcase name="testMovieMetadataOnWebHasCorrectReleaseYear" time="31.702" classname="com.qt.qualithon.test.MovieSearchTest"/>
  <testcase name="testSearchByExactMovieTitleReturnsMovieAsFirstResult" time="34.155" classname="com.qt.qualithon.test.MovieSearchTest"/>
  <testcase name="testSearchByExactMovieTitleReturnsMovieAsFirstResult" time="30.766" classname="com.qt.qualithon.test.MovieSearchTest"/>
  <testcase name="testMovieMetadataOnWebHasCorrectDirectorName" time="87.012" classname="com.qt.qualithon.test.RottenTomatoesMovieSearchTest"/>
  <testcase name="testMovieMetadataOnWebHasCorrectGenres" time="59.126" classname="com.qt.qualithon.test.RottenTomatoesMovieSearchTest">
    <failure type="java.lang.AssertionError" message="
Expecting ArrayList:
  [&amp;quot;Drama&amp;quot;, &amp;quot; Comedy&amp;quot;]
to contain only:
  [&amp;quot;Crime&amp;quot;, &amp;quot;Sci-Fi&amp;quot;]
element(s) not found:
  [&amp;quot;Crime&amp;quot;, &amp;quot;Sci-Fi&amp;quot;]
and element(s) not expected:
  [&amp;quot;Drama&amp;quot;, &amp;quot; Comedy&amp;quot;]
">
      <![CDATA[java.lang.AssertionError: 
Expecting ArrayList:
  ["Drama", " Comedy"]
to contain only:
  ["Crime", "Sci-Fi"]
element(s) not found:
  ["Crime", "Sci-Fi"]
and element(s) not expected:
  ["Drama", " Comedy"]

at com.qt.qualithon.test.RottenTomatoesMovieSearchTest.testMovieMetadataOnWebHasCorrectGenres(RottenTomatoesMovieSearchTest.java:141)
at java.util.concurrent.ThreadPoolExecutor.runWorker(ThreadPoolExecutor.java:1149)
at java.util.concurrent.ThreadPoolExecutor$Worker.run(ThreadPoolExecutor.java:624)
at java.lang.Thread.run(Thread.java:748)
... Removed 12 stack frames]]>
    </failure>
  </testcase> <!-- testMovieMetadataOnWebHasCorrectGenres -->
  <testcase name="testMovieMetadataOnWebHasCorrectDirectorName" time="89.744" classname="com.qt.qualithon.test.RottenTomatoesMovieSearchTest"/>
  <testcase name="testMovieMetadataOnWebHasCorrectGenres" time="87.25" classname="com.qt.qualithon.test.RottenTomatoesMovieSearchTest">
    <failure type="java.lang.AssertionError" message="
Expecting ArrayList:
  [&amp;quot;Fantasy&amp;quot;, &amp;quot; Action&amp;quot;, &amp;quot; Mystery &amp;amp; Thriller&amp;quot;, &amp;quot; Adventure&amp;quot;]
to contain only:
  [&amp;quot;Action&amp;quot;, &amp;quot;Crime&amp;quot;, &amp;quot;Drama&amp;quot;]
element(s) not found:
  [&amp;quot;Action&amp;quot;, &amp;quot;Crime&amp;quot;, &amp;quot;Drama&amp;quot;]
and element(s) not expected:
  [&amp;quot;Fantasy&amp;quot;, &amp;quot; Action&amp;quot;, &amp;quot; Mystery &amp;amp; Thriller&amp;quot;, &amp;quot; Adventure&amp;quot;]
">
      <![CDATA[java.lang.AssertionError: 
Expecting ArrayList:
  ["Fantasy", " Action", " Mystery & Thriller", " Adventure"]
to contain only:
  ["Action", "Crime", "Drama"]
element(s) not found:
  ["Action", "Crime", "Drama"]
and element(s) not expected:
  ["Fantasy", " Action", " Mystery & Thriller", " Adventure"]

at com.qt.qualithon.test.RottenTomatoesMovieSearchTest.testMovieMetadataOnWebHasCorrectGenres(RottenTomatoesMovieSearchTest.java:141)
at java.util.concurrent.ThreadPoolExecutor.runWorker(ThreadPoolExecutor.java:1149)
at java.util.concurrent.ThreadPoolExecutor$Worker.run(ThreadPoolExecutor.java:624)
at java.lang.Thread.run(Thread.java:748)
... Removed 12 stack frames]]>
    </failure>
  </testcase> <!-- testMovieMetadataOnWebHasCorrectGenres -->
  <testcase name="testMovieMetadataOnWebHasCorrectMaturityRating" time="81.358" classname="com.qt.qualithon.test.RottenTomatoesMovieSearchTest">
    <failure type="org.junit.ComparisonFailure" message="expected:&amp;lt;&amp;quot;[X]&amp;quot;&amp;gt; but was:&amp;lt;&amp;quot;[R]&amp;quot;&amp;gt;">
      <![CDATA[org.junit.ComparisonFailure: expected:<"[X]"> but was:<"[R]">
at com.qt.qualithon.test.RottenTomatoesMovieSearchTest.testMovieMetadataOnWebHasCorrectMaturityRating(RottenTomatoesMovieSearchTest.java:160)
at java.util.concurrent.ThreadPoolExecutor.runWorker(ThreadPoolExecutor.java:1149)
at java.util.concurrent.ThreadPoolExecutor$Worker.run(ThreadPoolExecutor.java:624)
at java.lang.Thread.run(Thread.java:748)
... Removed 15 stack frames]]>
    </failure>
  </testcase> <!-- testMovieMetadataOnWebHasCorrectMaturityRating -->
  <testcase name="testMovieMetadataOnWebHasCorrectMovieRatingScore" time="84.556" classname="com.qt.qualithon.test.RottenTomatoesMovieSearchTest"/>
  <testcase name="testMovieMetadataOnWebHasCorrectMaturityRating" time="87.416" classname="com.qt.qualithon.test.RottenTomatoesMovieSearchTest"/>
  <testcase name="testMovieMetadataOnWebHasCorrectMovieRatingScore" time="78.827" classname="com.qt.qualithon.test.RottenTomatoesMovieSearchTest"/>
  <testcase name="testMovieMetadataOnWebHasCorrectReleaseYear" time="79.906" classname="com.qt.qualithon.test.RottenTomatoesMovieSearchTest"/>
  <testcase name="testMovieMetadataOnWebHasCorrectWriters" time="77.299" classname="com.qt.qualithon.test.RottenTomatoesMovieSearchTest">
    <failure type="java.lang.AssertionError" message="
Expecting ArrayList:
  [&amp;quot;Stanley Kubrick&amp;quot;]
to contain only:
  [&amp;quot;Stanley Kubrick&amp;quot;, &amp;quot;Anthony Burgess&amp;quot;]
but could not find the following element(s):
  [&amp;quot;Anthony Burgess&amp;quot;]
">
      <![CDATA[java.lang.AssertionError: 
Expecting ArrayList:
  ["Stanley Kubrick"]
to contain only:
  ["Stanley Kubrick", "Anthony Burgess"]
but could not find the following element(s):
  ["Anthony Burgess"]

at com.qt.qualithon.test.RottenTomatoesMovieSearchTest.testMovieMetadataOnWebHasCorrectWriters(RottenTomatoesMovieSearchTest.java:121)
at java.util.concurrent.ThreadPoolExecutor.runWorker(ThreadPoolExecutor.java:1149)
at java.util.concurrent.ThreadPoolExecutor$Worker.run(ThreadPoolExecutor.java:624)
at java.lang.Thread.run(Thread.java:748)
... Removed 12 stack frames]]>
    </failure>
  </testcase> <!-- testMovieMetadataOnWebHasCorrectWriters -->
  <testcase name="testMovieMetadataOnWebHasCorrectReleaseYear" time="85.33" classname="com.qt.qualithon.test.RottenTomatoesMovieSearchTest"/>
  <testcase name="testMovieMetadataOnWebHasCorrectWriters" time="74.04" classname="com.qt.qualithon.test.RottenTomatoesMovieSearchTest">
    <failure type="java.lang.AssertionError" message="
Expecting ArrayList:
  [&amp;quot;Christopher Nolan&amp;quot;]
to contain only:
  [&amp;quot;Jonathan Nolan&amp;quot;, &amp;quot;Christopher Nolan&amp;quot;, &amp;quot;David S. Goyer&amp;quot;]
but could not find the following element(s):
  [&amp;quot;Jonathan Nolan&amp;quot;, &amp;quot;David S. Goyer&amp;quot;]
">
      <![CDATA[java.lang.AssertionError: 
Expecting ArrayList:
  ["Christopher Nolan"]
to contain only:
  ["Jonathan Nolan", "Christopher Nolan", "David S. Goyer"]
but could not find the following element(s):
  ["Jonathan Nolan", "David S. Goyer"]

at com.qt.qualithon.test.RottenTomatoesMovieSearchTest.testMovieMetadataOnWebHasCorrectWriters(RottenTomatoesMovieSearchTest.java:121)
at java.util.concurrent.ThreadPoolExecutor.runWorker(ThreadPoolExecutor.java:1149)
at java.util.concurrent.ThreadPoolExecutor$Worker.run(ThreadPoolExecutor.java:624)
at java.lang.Thread.run(Thread.java:748)
... Removed 12 stack frames]]>
    </failure>
  </testcase> <!-- testMovieMetadataOnWebHasCorrectWriters -->
  <testcase name="testSearchByExactMovieTitleReturnsMovieAsFirstResult" time="84.743" classname="com.qt.qualithon.test.RottenTomatoesMovieSearchTest"/>
  <testcase name="testSearchByExactMovieTitleReturnsMovieAsFirstResult" time="79.726" classname="com.qt.qualithon.test.RottenTomatoesMovieSearchTest"/>
</testsuite> <!-- Surefire test -->
