-------------------------------------------------------------------------------
Test set: TestSuite
-------------------------------------------------------------------------------
Tests run: 28, Failures: 6, Errors: 0, Skipped: 0, Time elapsed: 932.069 s <<< FAILURE! - in TestSuite
com.qt.qualithon.test.MovieSearchTest.testMovieMetadataOnWebHasCorrectMaturityRating[The Dark Knight Rises](2)  Time elapsed: 32.379 s  <<< FAILURE!
org.junit.ComparisonFailure: expected:<"[PG-13]"> but was:<"[12A]">
	at com.qt.qualithon.test.MovieSearchTest.testMovieMetadataOnWebHasCorrectMaturityRating(MovieSearchTest.java:165)

com.qt.qualithon.test.RottenTomatoesMovieSearchTest.testMovieMetadataOnWebHasCorrectGenres[A Clockwork Orange](1)  Time elapsed: 37.67 s  <<< FAILURE!
java.lang.AssertionError: 

Expecting ArrayList:
  ["Drama", " Comedy"]
to contain only:
  ["Crime", "Sci-Fi"]
element(s) not found:
  ["Crime", "Sci-Fi"]
and element(s) not expected:
  ["Drama", " Comedy"]

	at com.qt.qualithon.test.RottenTomatoesMovieSearchTest.testMovieMetadataOnWebHasCorrectGenres(RottenTomatoesMovieSearchTest.java:141)

com.qt.qualithon.test.RottenTomatoesMovieSearchTest.testMovieMetadataOnWebHasCorrectGenres[The Dark Knight Rises](2)  Time elapsed: 35.082 s  <<< FAILURE!
java.lang.AssertionError: 

Expecting ArrayList:
  ["Fantasy", " Action", " Mystery & Thriller", " Adventure"]
to contain only:
  ["Action", "Crime", "Drama"]
element(s) not found:
  ["Action", "Crime", "Drama"]
and element(s) not expected:
  ["Fantasy", " Action", " Mystery & Thriller", " Adventure"]

	at com.qt.qualithon.test.RottenTomatoesMovieSearchTest.testMovieMetadataOnWebHasCorrectGenres(RottenTomatoesMovieSearchTest.java:141)

com.qt.qualithon.test.RottenTomatoesMovieSearchTest.testMovieMetadataOnWebHasCorrectMaturityRating[A Clockwork Orange](1)  Time elapsed: 43.087 s  <<< FAILURE!
org.junit.ComparisonFailure: expected:<"[X]"> but was:<"[R]">
	at com.qt.qualithon.test.RottenTomatoesMovieSearchTest.testMovieMetadataOnWebHasCorrectMaturityRating(RottenTomatoesMovieSearchTest.java:160)

com.qt.qualithon.test.RottenTomatoesMovieSearchTest.testMovieMetadataOnWebHasCorrectWriters[A Clockwork Orange](1)  Time elapsed: 27.195 s  <<< FAILURE!
java.lang.AssertionError: 

Expecting ArrayList:
  ["Stanley Kubrick"]
to contain only:
  ["Stanley Kubrick", "Anthony Burgess"]
but could not find the following element(s):
  ["Anthony Burgess"]

	at com.qt.qualithon.test.RottenTomatoesMovieSearchTest.testMovieMetadataOnWebHasCorrectWriters(RottenTomatoesMovieSearchTest.java:121)

com.qt.qualithon.test.RottenTomatoesMovieSearchTest.testMovieMetadataOnWebHasCorrectWriters[The Dark Knight Rises](2)  Time elapsed: 15.673 s  <<< FAILURE!
java.lang.AssertionError: 

Expecting ArrayList:
  ["Christopher Nolan"]
to contain only:
  ["Jonathan Nolan", "Christopher Nolan", "David S. Goyer"]
but could not find the following element(s):
  ["Jonathan Nolan", "David S. Goyer"]

	at com.qt.qualithon.test.RottenTomatoesMovieSearchTest.testMovieMetadataOnWebHasCorrectWriters(RottenTomatoesMovieSearchTest.java:121)

